----------------------------------------------------------------------
Marvellous Process Log
Log file created at : Mon Jun  3 00:46:09 2024
----------------------------------------------------------------------
{'username': 'NT AUTHORITY\\SYSTEM', 'pid': 0, 'name': 'System Idle Process'} 
{'username': 'NT AUTHORITY\\SYSTEM', 'pid': 4, 'name': 'System'} 
{'username': None, 'pid': 140, 'name': ''} 
{'username': None, 'pid': 176, 'name': 'Registry'} 
{'username': None, 'pid': 648, 'name': 'smss.exe'} 
{'username': None, 'pid': 760, 'name': 'csrss.exe'} 
{'username': None, 'pid': 804, 'name': 'svchost.exe'} 
{'username': None, 'pid': 1084, 'name': 'wininit.exe'} 
{'username': 'MAHESH\\mahes', 'pid': 1100, 'name': 'Code.exe'} 
{'username': None, 'pid': 1104, 'name': 'csrss.exe'} 
{'username': None, 'pid': 1156, 'name': 'services.exe'} 
{'username': None, 'pid': 1176, 'name': 'LsaIso.exe'} 
{'username': None, 'pid': 1192, 'name': 'lsass.exe'} 
{'username': 'MAHESH\\mahes', 'pid': 1272, 'name': 'AsusOptimizationStartupTask.exe'} 
{'username': 'MAHESH\\mahes', 'pid': 1284, 'name': 'conhost.exe'} 
{'username': None, 'pid': 1320, 'name': 'svchost.exe'} 
{'username': None, 'pid': 1348, 'name': 'fontdrvhost.exe'} 
{'username': 'MAHESH\\mahes', 'pid': 1356, 'name': 'msedgewebview2.exe'} 
{'username': None, 'pid': 1396, 'name': 'WUDFHost.exe'} 
{'username': None, 'pid': 1456, 'name': 'svchost.exe'} 
{'username': None, 'pid': 1496, 'name': 'svchost.exe'} 
{'username': 'MAHESH\\mahes', 'pid': 1516, 'name': 'cmd.exe'} 
{'username': None, 'pid': 1576, 'name': 'WUDFHost.exe'} 
{'username': None, 'pid': 1584, 'name': 'winlogon.exe'} 
{'username': None, 'pid': 1664, 'name': 'fontdrvhost.exe'} 
{'username': None, 'pid': 1748, 'name': 'dwm.exe'} 
{'username': 'MAHESH\\mahes', 'pid': 1820, 'name': 'uihost.exe'} 
{'username': None, 'pid': 1844, 'name': 'svchost.exe'} 
{'username': None, 'pid': 1860, 'name': 'svchost.exe'} 
{'username': None, 'pid': 1880, 'name': 'svchost.exe'} 
{'username': None, 'pid': 1904, 'name': 'svchost.exe'} 
{'username': None, 'pid': 1916, 'name': 'svchost.exe'} 
{'username': None, 'pid': 1940, 'name': 'svchost.exe'} 
{'username': None, 'pid': 2004, 'name': 'svchost.exe'} 
{'username': None, 'pid': 2028, 'name': 'svchost.exe'} 
{'username': None, 'pid': 2040, 'name': 'svchost.exe'} 
{'username': None, 'pid': 2052, 'name': 'svchost.exe'} 
{'username': None, 'pid': 2116, 'name': 'svchost.exe'} 
{'username': 'MAHESH\\mahes', 'pid': 2164, 'name': 'Code.exe'} 
{'username': None, 'pid': 2180, 'name': 'svchost.exe'} 
{'username': None, 'pid': 2272, 'name': 'svchost.exe'} 
{'username': None, 'pid': 2380, 'name': 'svchost.exe'} 
{'username': None, 'pid': 2388, 'name': 'svchost.exe'} 
{'username': None, 'pid': 2408, 'name': 'svchost.exe'} 
{'username': 'MAHESH\\mahes', 'pid': 2424, 'name': 'AnyDesk.exe'} 
{'username': None, 'pid': 2432, 'name': 'svchost.exe'} 
{'username': None, 'pid': 2488, 'name': 'svchost.exe'} 
{'username': None, 'pid': 2708, 'name': 'svchost.exe'} 
{'username': None, 'pid': 2744, 'name': 'svchost.exe'} 
{'username': None, 'pid': 2828, 'name': 'svchost.exe'} 
{'username': None, 'pid': 2876, 'name': 'svchost.exe'} 
{'username': 'MAHESH\\mahes', 'pid': 2932, 'name': 'ArmouryCrate.exe'} 
{'username': None, 'pid': 2988, 'name': 'svchost.exe'} 
{'username': None, 'pid': 3004, 'name': 'svchost.exe'} 
{'username': None, 'pid': 3008, 'name': 'igfxCUIServiceN.exe'} 
{'username': None, 'pid': 3040, 'name': 'svchost.exe'} 
{'username': None, 'pid': 3144, 'name': 'svchost.exe'} 
{'username': None, 'pid': 3176, 'name': 'svchost.exe'} 
{'username': 'MAHESH\\mahes', 'pid': 3268, 'name': 'ACCIMonitor.exe'} 
{'username': None, 'pid': 3304, 'name': 'dasHost.exe'} 
{'username': None, 'pid': 3352, 'name': 'svchost.exe'} 
{'username': None, 'pid': 3360, 'name': 'NVDisplay.Container.exe'} 
{'username': None, 'pid': 3444, 'name': 'NVDisplay.Container.exe'} 
{'username': None, 'pid': 3452, 'name': 'AsusCertService.exe'} 
{'username': None, 'pid': 3460, 'name': 'svchost.exe'} 
{'username': None, 'pid': 3516, 'name': 'dasHost.exe'} 
{'username': None, 'pid': 3532, 'name': 'svchost.exe'} 
{'username': None, 'pid': 3540, 'name': 'svchost.exe'} 
{'username': 'MAHESH\\mahes', 'pid': 3568, 'name': 'WhatsApp.exe'} 
{'username': None, 'pid': 3628, 'name': 'svchost.exe'} 
{'username': None, 'pid': 3640, 'name': 'svchost.exe'} 
{'username': 'MAHESH\\mahes', 'pid': 3648, 'name': 'asus_framework.exe'} 
{'username': None, 'pid': 3652, 'name': 'MemCompression'} 
{'username': 'MAHESH\\mahes', 'pid': 3704, 'name': 'ONENOTEM.EXE'} 
{'username': None, 'pid': 3712, 'name': 'svchost.exe'} 
{'username': 'MAHESH\\mahes', 'pid': 3764, 'name': 'conhost.exe'} 
{'username': 'MAHESH\\mahes', 'pid': 3792, 'name': 'SystemSettingsBroker.exe'} 
{'username': None, 'pid': 3820, 'name': 'svchost.exe'} 
{'username': None, 'pid': 3832, 'name': 'svchost.exe'} 
{'username': 'MAHESH\\mahes', 'pid': 4076, 'name': 'LockApp.exe'} 
{'username': None, 'pid': 4080, 'name': 'svchost.exe'} 
{'username': None, 'pid': 4208, 'name': 'svchost.exe'} 
{'username': None, 'pid': 4220, 'name': 'svchost.exe'} 
{'username': 'MAHESH\\mahes', 'pid': 4232, 'name': 'msedgewebview2.exe'} 
{'username': 'MAHESH\\mahes', 'pid': 4264, 'name': 'chrome.exe'} 
{'username': 'MAHESH\\mahes', 'pid': 4404, 'name': 'conhost.exe'} 
{'username': None, 'pid': 4424, 'name': 'svchost.exe'} 
{'username': None, 'pid': 4472, 'name': 'svchost.exe'} 
{'username': None, 'pid': 4484, 'name': 'AsusOptimization.exe'} 
{'username': 'MAHESH\\mahes', 'pid': 4492, 'name': 'svchost.exe'} 
{'username': None, 'pid': 4512, 'name': 'svchost.exe'} 
{'username': None, 'pid': 4704, 'name': 'wlanext.exe'} 
{'username': None, 'pid': 4712, 'name': 'spoolsv.exe'} 
{'username': None, 'pid': 4740, 'name': 'conhost.exe'} 
{'username': None, 'pid': 4756, 'name': 'svchost.exe'} 
{'username': None, 'pid': 4808, 'name': 'GameSDK.exe'} 
{'username': None, 'pid': 4844, 'name': 'svchost.exe'} 
{'username': None, 'pid': 4988, 'name': 'AnyDesk.exe'} 
{'username': None, 'pid': 4996, 'name': 'ArmouryCrateControlInterface.exe'} 
{'username': None, 'pid': 5004, 'name': 'AuraWallpaperService.exe'} 
{'username': None, 'pid': 5012, 'name': 'svchost.exe'} 
{'username': None, 'pid': 5024, 'name': 'AsusSystemDiagnosis.exe'} 
{'username': None, 'pid': 5032, 'name': 'AsusSystemAnalysis.exe'} 
{'username': None, 'pid': 5040, 'name': 'AsusAppService.exe'} 
{'username': None, 'pid': 5056, 'name': 'svchost.exe'} 
{'username': None, 'pid': 5068, 'name': 'svchost.exe'} 
{'username': None, 'pid': 5076, 'name': 'ArmouryCrate.Service.exe'} 
{'username': None, 'pid': 5084, 'name': 'AsusSoftwareManager.exe'} 
{'username': None, 'pid': 5092, 'name': 'AsusSwitch.exe'} 
{'username': None, 'pid': 5104, 'name': 'OfficeClickToRun.exe'} 
{'username': None, 'pid': 5112, 'name': 'DtsApo4Service.exe'} 
{'username': None, 'pid': 5176, 'name': 'svchost.exe'} 
{'username': None, 'pid': 5188, 'name': 'OneApp.IGCC.WinService.exe'} 
{'username': None, 'pid': 5204, 'name': 'svchost.exe'} 
{'username': None, 'pid': 5280, 'name': 'esif_uf.exe'} 
{'username': None, 'pid': 5332, 'name': 'svchost.exe'} 
{'username': None, 'pid': 5364, 'name': 'IntelAudioService.exe'} 
{'username': None, 'pid': 5404, 'name': 'LightingService.exe'} 
{'username': None, 'pid': 5444, 'name': 'servicehost.exe'} 
{'username': None, 'pid': 5456, 'name': 'mc-fw-host.exe'} 
{'username': None, 'pid': 5488, 'name': 'mongod.exe'} 
{'username': None, 'pid': 5516, 'name': 'svchost.exe'} 
{'username': None, 'pid': 5588, 'name': 'ROGLiveService.exe'} 
{'username': None, 'pid': 5596, 'name': 'RstMwService.exe'} 
{'username': None, 'pid': 5604, 'name': 'TbtP2pShortcutService.exe'} 
{'username': None, 'pid': 5612, 'name': 'RtkAudUService64.exe'} 
{'username': None, 'pid': 5640, 'name': 'svchost.exe'} 
{'username': 'MAHESH\\mahes', 'pid': 5680, 'name': 'asus_framework.exe'} 
{'username': None, 'pid': 5704, 'name': 'WMIRegistrationService.exe'} 
{'username': None, 'pid': 5732, 'name': 'svchost.exe'} 
{'username': None, 'pid': 5884, 'name': 'svchost.exe'} 
{'username': 'MAHESH\\mahes', 'pid': 5912, 'name': 'Code.exe'} 
{'username': 'MAHESH\\mahes', 'pid': 5976, 'name': 'cmd.exe'} 
{'username': None, 'pid': 5996, 'name': 'jhi_service.exe'} 
{'username': 'MAHESH\\mahes', 'pid': 6340, 'name': 'mc-fw-host.exe'} 
{'username': 'MAHESH\\mahes', 'pid': 6560, 'name': 'asus_framework.exe'} 
{'username': 'MAHESH\\mahes', 'pid': 6572, 'name': 'asus_framework.exe'} 
{'username': None, 'pid': 6648, 'name': 'svchost.exe'} 
{'username': 'MAHESH\\mahes', 'pid': 6692, 'name': 'Code.exe'} 
{'username': 'MAHESH\\mahes', 'pid': 6924, 'name': 'chrome.exe'} 
{'username': None, 'pid': 7056, 'name': 'WmiPrvSE.exe'} 
{'username': 'MAHESH\\mahes', 'pid': 7720, 'name': 'msedge.exe'} 
{'username': 'MAHESH\\mahes', 'pid': 7868, 'name': 'chrome.exe'} 
{'username': 'MAHESH\\mahes', 'pid': 8084, 'name': 'ApplicationFrameHost.exe'} 
{'username': 'MAHESH\\mahes', 'pid': 8144, 'name': 'SystemSettings.exe'} 
{'username': None, 'pid': 8288, 'name': 'svchost.exe'} 
{'username': None, 'pid': 8312, 'name': 'svchost.exe'} 
{'username': 'MAHESH\\mahes', 'pid': 9180, 'name': 'svchost.exe'} 
{'username': None, 'pid': 9236, 'name': 'mc-neo-host.exe'} 
{'username': 'MAHESH\\mahes', 'pid': 9336, 'name': 'ArmouryCrate.UserSessionHelper.exe'} 
{'username': 'MAHESH\\mahes', 'pid': 9344, 'name': 'Code.exe'} 
{'username': 'MAHESH\\mahes', 'pid': 9796, 'name': 'Code.exe'} 
{'username': None, 'pid': 9828, 'name': 'AggregatorHost.exe'} 
{'username': 'MAHESH\\mahes', 'pid': 9904, 'name': 'svchost.exe'} 
{'username': None, 'pid': 9944, 'name': 'svchost.exe'} 
{'username': 'MAHESH\\mahes', 'pid': 9976, 'name': 'chrome.exe'} 
{'username': None, 'pid': 10040, 'name': 'svchost.exe'} 
{'username': 'MAHESH\\mahes', 'pid': 10092, 'name': 'WidgetService.exe'} 
{'username': 'MAHESH\\mahes', 'pid': 10156, 'name': 'cmd.exe'} 
{'username': 'MAHESH\\mahes', 'pid': 10268, 'name': 'sihost.exe'} 
{'username': 'MAHESH\\mahes', 'pid': 10304, 'name': 'conhost.exe'} 
{'username': 'MAHESH\\mahes', 'pid': 10364, 'name': 'ASUSSmartDisplayControl.exe'} 
{'username': 'MAHESH\\mahes', 'pid': 10452, 'name': 'Code.exe'} 
{'username': 'MAHESH\\mahes', 'pid': 10616, 'name': 'svchost.exe'} 
{'username': 'MAHESH\\mahes', 'pid': 10632, 'name': 'svchost.exe'} 
{'username': None, 'pid': 10688, 'name': 'asus_framework.exe'} 
{'username': 'MAHESH\\mahes', 'pid': 10692, 'name': 'igfxEMN.exe'} 
{'username': 'MAHESH\\mahes', 'pid': 10704, 'name': 'svchost.exe'} 
{'username': 'MAHESH\\mahes', 'pid': 10712, 'name': 'asus_framework.exe'} 
{'username': 'MAHESH\\mahes', 'pid': 10784, 'name': 'svchost.exe'} 
{'username': None, 'pid': 10840, 'name': 'svchost.exe'} 
{'username': 'MAHESH\\mahes', 'pid': 10924, 'name': 'taskhostw.exe'} 
{'username': 'MAHESH\\mahes', 'pid': 10996, 'name': 'AsMonitorControl.exe'} 
{'username': 'MAHESH\\mahes', 'pid': 11080, 'name': 'AsHotplugCtrl.exe'} 
{'username': 'MAHESH\\mahes', 'pid': 11132, 'name': 'AcPowerNotification.exe'} 
{'username': 'MAHESH\\mahes', 'pid': 11172, 'name': 'svchost.exe'} 
{'username': 'MAHESH\\mahes', 'pid': 11180, 'name': 'ArmourySocketServer.exe'} 
{'username': 'MAHESH\\mahes', 'pid': 11296, 'name': 'HelpPane.exe'} 
{'username': None, 'pid': 11420, 'name': 'svchost.exe'} 
{'username': 'MAHESH\\mahes', 'pid': 11600, 'name': 'explorer.exe'} 
{'username': None, 'pid': 11608, 'name': 'svchost.exe'} 
{'username': 'MAHESH\\mahes', 'pid': 11784, 'name': 'chrome.exe'} 
{'username': None, 'pid': 11868, 'name': 'svchost.exe'} 
{'username': 'MAHESH\\mahes', 'pid': 12004, 'name': 'msedgewebview2.exe'} 
{'username': None, 'pid': 12092, 'name': 'svchost.exe'} 
{'username': 'MAHESH\\mahes', 'pid': 12164, 'name': 'ArmouryHtmlDebugServer.exe'} 
{'username': 'MAHESH\\mahes', 'pid': 12316, 'name': 'Code.exe'} 
{'username': 'MAHESH\\mahes', 'pid': 12368, 'name': 'SearchHost.exe'} 
{'username': 'MAHESH\\mahes', 'pid': 12376, 'name': 'StartMenuExperienceHost.exe'} 
{'username': 'MAHESH\\mahes', 'pid': 12492, 'name': 'Widgets.exe'} 
{'username': 'MAHESH\\mahes', 'pid': 12536, 'name': 'ShellExperienceHost.exe'} 
{'username': 'MAHESH\\mahes', 'pid': 12540, 'name': 'RuntimeBroker.exe'} 
{'username': 'MAHESH\\mahes', 'pid': 12572, 'name': 'LocationNotificationWindows.exe'} 
{'username': 'MAHESH\\mahes', 'pid': 12600, 'name': 'RuntimeBroker.exe'} 
{'username': None, 'pid': 12644, 'name': 'svchost.exe'} 
{'username': None, 'pid': 12664, 'name': 'svchost.exe'} 
{'username': 'MAHESH\\mahes', 'pid': 12864, 'name': 'svchost.exe'} 
{'username': None, 'pid': 12880, 'name': 'svchost.exe'} 
{'username': 'MAHESH\\mahes', 'pid': 13096, 'name': 'TextInputHost.exe'} 
{'username': 'MAHESH\\mahes', 'pid': 13124, 'name': 'dllhost.exe'} 
{'username': 'MAHESH\\mahes', 'pid': 13252, 'name': 'conhost.exe'} 
{'username': 'MAHESH\\mahes', 'pid': 13464, 'name': 'python.exe'} 
{'username': 'MAHESH\\mahes', 'pid': 13556, 'name': 'RtkAudUService64.exe'} 
{'username': None, 'pid': 13884, 'name': 'asus_framework.exe'} 
{'username': None, 'pid': 14028, 'name': 'SearchIndexer.exe'} 
{'username': None, 'pid': 14164, 'name': 'svchost.exe'} 
{'username': 'MAHESH\\mahes', 'pid': 14220, 'name': 'msedge.exe'} 
{'username': 'MAHESH\\mahes', 'pid': 14228, 'name': 'UserOOBEBroker.exe'} 
{'username': 'MAHESH\\mahes', 'pid': 14244, 'name': 'RuntimeBroker.exe'} 
{'username': 'MAHESH\\mahes', 'pid': 14260, 'name': 'AsusOSD.exe'} 
{'username': 'MAHESH\\mahes', 'pid': 14412, 'name': 'OpenConsole.exe'} 
{'username': 'MAHESH\\mahes', 'pid': 14436, 'name': 'ctfmon.exe'} 
{'username': 'MAHESH\\mahes', 'pid': 14648, 'name': 'conhost.exe'} 
{'username': 'MAHESH\\mahes', 'pid': 14792, 'name': 'RuntimeBroker.exe'} 
{'username': 'MAHESH\\mahes', 'pid': 14828, 'name': 'RuntimeBroker.exe'} 
{'username': None, 'pid': 15104, 'name': 'unsecapp.exe'} 
{'username': 'MAHESH\\mahes', 'pid': 15132, 'name': 'RuntimeBroker.exe'} 
{'username': 'MAHESH\\mahes', 'pid': 15380, 'name': 'chrome.exe'} 
{'username': None, 'pid': 15568, 'name': 'svchost.exe'} 
{'username': 'MAHESH\\mahes', 'pid': 15692, 'name': 'FileCoAuth.exe'} 
{'username': 'MAHESH\\mahes', 'pid': 15712, 'name': 'msedgewebview2.exe'} 
{'username': 'MAHESH\\mahes', 'pid': 15852, 'name': 'git.exe'} 
{'username': 'MAHESH\\mahes', 'pid': 15860, 'name': 'chrome.exe'} 
{'username': 'MAHESH\\mahes', 'pid': 15864, 'name': 'RuntimeBroker.exe'} 
{'username': 'MAHESH\\mahes', 'pid': 15876, 'name': 'SecurityHealthSystray.exe'} 
{'username': None, 'pid': 15896, 'name': 'SecurityHealthService.exe'} 
{'username': 'MAHESH\\mahes', 'pid': 16052, 'name': 'RtkAudUService64.exe'} 
{'username': 'MAHESH\\mahes', 'pid': 16068, 'name': 'AsusSoftwareManagerAgent.exe'} 
{'username': 'MAHESH\\mahes', 'pid': 16108, 'name': 'OneDrive.exe'} 
{'username': 'MAHESH\\mahes', 'pid': 16212, 'name': 'msedge.exe'} 
{'username': 'MAHESH\\mahes', 'pid': 16332, 'name': 'chrome.exe'} 
{'username': 'MAHESH\\mahes', 'pid': 16564, 'name': 'msedge.exe'} 
{'username': 'MAHESH\\mahes', 'pid': 16728, 'name': 'AsusSystemAnalysis.exe'} 
{'username': 'MAHESH\\mahes', 'pid': 16940, 'name': 'msedgewebview2.exe'} 
{'username': 'MAHESH\\mahes', 'pid': 16988, 'name': 'Code.exe'} 
{'username': 'MAHESH\\mahes', 'pid': 17076, 'name': 'chrome.exe'} 
{'username': 'MAHESH\\mahes', 'pid': 17128, 'name': 'msedge.exe'} 
{'username': 'MAHESH\\mahes', 'pid': 17168, 'name': 'msedge.exe'} 
{'username': 'MAHESH\\mahes', 'pid': 17360, 'name': 'msedge.exe'} 
{'username': 'MAHESH\\mahes', 'pid': 17396, 'name': 'msedge.exe'} 
{'username': None, 'pid': 17524, 'name': 'svchost.exe'} 
{'username': 'MAHESH\\mahes', 'pid': 17776, 'name': 'git.exe'} 
{'username': 'MAHESH\\mahes', 'pid': 17876, 'name': 'RuntimeBroker.exe'} 
{'username': None, 'pid': 17908, 'name': 'svchost.exe'} 
{'username': None, 'pid': 17992, 'name': 'svchost.exe'} 
{'username': 'MAHESH\\mahes', 'pid': 18208, 'name': 'mc-extn-browserhost.exe'} 
{'username': 'MAHESH\\mahes', 'pid': 18272, 'name': 'git.exe'} 
{'username': 'MAHESH\\mahes', 'pid': 18420, 'name': 'Taskmgr.exe'} 
{'username': 'MAHESH\\mahes', 'pid': 19828, 'name': 'browserhost.exe'} 
{'username': 'MAHESH\\mahes', 'pid': 20100, 'name': 'ArmourySwAgent.exe'} 
{'username': None, 'pid': 20240, 'name': 'audiodg.exe'} 
{'username': 'MAHESH\\mahes', 'pid': 20280, 'name': 'msedge.exe'} 
{'username': 'MAHESH\\mahes', 'pid': 20880, 'name': 'powershell.exe'} 
{'username': 'MAHESH\\mahes', 'pid': 20984, 'name': 'msedgewebview2.exe'} 
{'username': 'MAHESH\\mahes', 'pid': 21232, 'name': 'chrome.exe'} 
{'username': 'MAHESH\\mahes', 'pid': 21348, 'name': 'AutoConnectHelper.exe'} 
{'username': 'MAHESH\\mahes', 'pid': 21764, 'name': 'Code.exe'} 
{'username': 'MAHESH\\mahes', 'pid': 21876, 'name': 'Code.exe'} 
{'username': None, 'pid': 21928, 'name': 'svchost.exe'} 
{'username': 'MAHESH\\mahes', 'pid': 22008, 'name': 'dllhost.exe'} 
{'username': 'MAHESH\\mahes', 'pid': 22064, 'name': 'chrome.exe'} 
{'username': 'MAHESH\\mahes', 'pid': 22172, 'name': 'AsusSurvey.exe'} 
{'username': 'MAHESH\\mahes', 'pid': 22332, 'name': 'msedge.exe'} 
{'username': 'MAHESH\\mahes', 'pid': 22368, 'name': 'WindowsTerminal.exe'} 
{'username': 'MAHESH\\mahes', 'pid': 22380, 'name': 'Code.exe'} 
{'username': 'MAHESH\\mahes', 'pid': 22464, 'name': 'chrome.exe'} 
CONTENTS OF LOG FILE

----------------------------------------------------------------------
